app/build/outputs/logs/manifest-merger-debug-report.txt
-- Merging decision tree log ---
manifest
ADDED from src\main\AndroidManifest.xml:2:1-57:12
	package
		ADDED from src\main\AndroidManifest.xml:3:5-29
		INJECTED from src\main\AndroidManifest.xml
		INJECTED from src\main\AndroidManifest.xml
	android:versionName
		ADDED from src\main\AndroidManifest.xml:5:5-30
		INJECTED from src\main\AndroidManifest.xml
		INJECTED from src\main\AndroidManifest.xml
	android:versionCode
		ADDED from src\main\AndroidManifest.xml:4:5-28
		INJECTED from src\main\AndroidManifest.xml
		INJECTED from src\main\AndroidManifest.xml
	xmlns:android
		ADDED from src\main\AndroidManifest.xml:2:11-69
uses-sdk
ADDED from src\main\AndroidManifest.xml:7:5-9:41
	android:targetSdkVersion
		ADDED from src\main\AndroidManifest.xml:9:9-38
		INJECTED from src\main\AndroidManifest.xml
		INJECTED from src\main\AndroidManifest.xml
	android:minSdkVersion
		ADDED from src\main\AndroidManifest.xml:8:9-34
		INJECTED from src\main\AndroidManifest.xml
		INJECTED from src\main\AndroidManifest.xml
uses-feature#android.hardware.camera
ADDED from src\main\AndroidManifest.xml:11:5-60
	android:name
		ADDED from src\main\AndroidManifest.xml:11:19-57
uses-feature#android.hardware.camera.autofocus
ADDED from src\main\AndroidManifest.xml:12:5-70
	android:name
		ADDED from src\main\AndroidManifest.xml:12:19-67
uses-permission#android.permission.CAMERA
ADDED from src\main\AndroidManifest.xml:14:5-65
	android:name
		ADDED from src\main\AndroidManifest.xml:14:22-62
uses-permission#android.permission.WRITE_EXTERNAL_STORAGE
ADDED from src\main\AndroidManifest.xml:15:5-81
	android:name
		ADDED from src\main\AndroidManifest.xml:15:22-78
uses-permission#android.permission.READ_EXTERNAL_STORAGE
ADDED from src\main\AndroidManifest.xml:16:5-80
	android:name
		ADDED from src\main\AndroidManifest.xml:16:22-77
uses-permission#android.permission.MOUNT_UNMOUNT_FILESYSTEMS
ADDED from src\main\AndroidManifest.xml:17:5-84
	android:name
		ADDED from src\main\AndroidManifest.xml:17:22-81
application
ADDED from src\main\AndroidManifest.xml:20:5-55:19
	android:label
		ADDED from src\main\AndroidManifest.xml:23:9-41
	android:allowBackup
		ADDED from src\main\AndroidManifest.xml:21:9-35
	android:icon
		ADDED from src\main\AndroidManifest.xml:22:9-45
	android:theme
		ADDED from src\main\AndroidManifest.xml:24:9-56
activity#com.king.photo.activity.MainActivity
ADDED from src\main\AndroidManifest.xml:25:9-33:20
	android:label
		ADDED from src\main\AndroidManifest.xml:27:13-45
	android:name
		ADDED from src\main\AndroidManifest.xml:26:13-64
intent-filter#android.intent.action.MAIN+android.intent.category.LAUNCHER
ADDED from src\main\AndroidManifest.xml:28:13-32:29
action#android.intent.action.MAIN
ADDED from src\main\AndroidManifest.xml:29:17-69
	android:name
		ADDED from src\main\AndroidManifest.xml:29:25-66
category#android.intent.category.LAUNCHER
ADDED from src\main\AndroidManifest.xml:31:17-77
	android:name
		ADDED from src\main\AndroidManifest.xml:31:27-74
activity#com.king.photo.activity.ImageGridActivity
ADDED from src\main\AndroidManifest.xml:34:9-37:20
	android:screenOrientation
		ADDED from src\main\AndroidManifest.xml:36:13-49
	android:name
		ADDED from src\main\AndroidManifest.xml:35:13-69
activity#com.king.photo.activity.TestPicActivity
ADDED from src\main\AndroidManifest.xml:38:9-41:52
	android:screenOrientation
		ADDED from src\main\AndroidManifest.xml:41:13-49
	android:configChanges
		ADDED from src\main\AndroidManifest.xml:40:13-63
	android:name
		ADDED from src\main\AndroidManifest.xml:39:13-67
activity#com.king.photo.activity.PhotoActivity
ADDED from src\main\AndroidManifest.xml:42:9-44:52
	android:screenOrientation
		ADDED from src\main\AndroidManifest.xml:44:13-49
	android:name
		ADDED from src\main\AndroidManifest.xml:43:13-65
activity#com.king.photo.activity.AlbumActivity
ADDED from src\main\AndroidManifest.xml:45:9-48:20
	android:screenOrientation
		ADDED from src\main\AndroidManifest.xml:47:13-49
	android:name
		ADDED from src\main\AndroidManifest.xml:46:13-65
activity#com.king.photo.activity.ImageFile
ADDED from src\main\AndroidManifest.xml:49:9-50:20
	android:name
		ADDED from src\main\AndroidManifest.xml:49:19-67
activity#com.king.photo.activity.ShowAllPhoto
ADDED from src\main\AndroidManifest.xml:51:9-52:20
	android:name
		ADDED from src\main\AndroidManifest.xml:51:19-70
activity#com.king.photo.activity.GalleryActivity
ADDED from src\main\AndroidManifest.xml:53:9-54:20
	android:name
		ADDED from src\main\AndroidManifest.xml:53:19-73